<?xml version="1.0" encoding="UTF-8"?>
<!-- Generated by org.testng.reporters.JUnitReportReporter -->
<testsuite hostname="DESKTOP-M6P9LA0" failures="0" tests="1" name="MavenProject.AutomationinMaven.Dependantcases" time="0.028" errors="0" timestamp="2024-06-14T16:47:43 SGT" skipped="0">
  <testcase classname="MavenProject.AutomationinMaven.Dependantcases" name="Checkout" time="0.028"/>
  <system-out/>
</testsuite> <!-- MavenProject.AutomationinMaven.Dependantcases -->
