<?xml version="1.0" encoding="UTF-8"?>
<!-- Generated by org.testng.reporters.JUnitReportReporter -->
<testsuite hostname="DESKTOP-M6P9LA0" failures="0" tests="1" name="MavenProject.AutomationinMaven.HardAssertTest" time="10.942" errors="0" timestamp="2024-06-18T13:13:46 SGT" skipped="0">
  <testcase classname="MavenProject.AutomationinMaven.HardAssertTest" name="f" time="10.942"/>
  <system-out/>
</testsuite> <!-- MavenProject.AutomationinMaven.HardAssertTest -->
