<?xml version="1.0" encoding="UTF-8"?>
<!-- Generated by org.testng.reporters.JUnitReportReporter -->
<testsuite hostname="DESKTOP-M6P9LA0" failures="0" tests="2" name="MavenProject.AutomationinMaven.ExcelSheetDataproviderTest" time="28.734" errors="0" timestamp="2024-02-27T22:39:11 SGT" skipped="0">
  <testcase classname="MavenProject.AutomationinMaven.ExcelSheetDataproviderTest" name="test" time="14.807"/>
  <system-out/>
  <testcase classname="MavenProject.AutomationinMaven.ExcelSheetDataproviderTest" name="test" time="13.927"/>
  <system-out/>
</testsuite> <!-- MavenProject.AutomationinMaven.ExcelSheetDataproviderTest -->
