<?xml version="1.0" encoding="UTF-8"?>
<!-- Generated by org.testng.reporters.JUnitReportReporter -->
<testsuite hostname="DESKTOP-M6P9LA0" failures="0" tests="6" name="MavenProject.AutomationinMaven.Test4" time="30.014" errors="0" timestamp="2024-06-20T12:13:50 SGT" skipped="0">
  <testcase classname="MavenProject.AutomationinMaven.Test4" name="test" time="6.236"/>
  <system-out/>
  <testcase classname="MavenProject.AutomationinMaven.Test4" name="test" time="5.436"/>
  <system-out/>
  <testcase classname="MavenProject.AutomationinMaven.Test4" name="test" time="4.418"/>
  <system-out/>
  <testcase classname="MavenProject.AutomationinMaven.Test4" name="test" time="4.508"/>
  <system-out/>
  <testcase classname="MavenProject.AutomationinMaven.Test4" name="test" time="4.896"/>
  <system-out/>
  <testcase classname="MavenProject.AutomationinMaven.Test4" name="test" time="4.520"/>
  <system-out/>
</testsuite> <!-- MavenProject.AutomationinMaven.Test4 -->
