<?xml version="1.0" encoding="UTF-8"?>
<!-- Generated by org.testng.reporters.JUnitReportReporter -->
<testsuite hostname="DESKTOP-M6P9LA0" failures="0" tests="5" name="MavenProject.AutomationinMaven.PrioritisationTest" time="0.054" errors="0" timestamp="2024-02-26T22:46:10 SGT" skipped="0">
  <testcase classname="MavenProject.AutomationinMaven.PrioritisationTest" name="one" time="0.016"/>
  <system-out/>
  <testcase classname="MavenProject.AutomationinMaven.PrioritisationTest" name="two" time="0.010"/>
  <system-out/>
  <testcase classname="MavenProject.AutomationinMaven.PrioritisationTest" name="five" time="0.010"/>
  <system-out/>
  <testcase classname="MavenProject.AutomationinMaven.PrioritisationTest" name="four" time="0.009"/>
  <system-out/>
  <testcase classname="MavenProject.AutomationinMaven.PrioritisationTest" name="three" time="0.009"/>
  <system-out/>
</testsuite> <!-- MavenProject.AutomationinMaven.PrioritisationTest -->
