<?xml version="1.0" encoding="UTF-8"?>
<!-- Generated by org.testng.reporters.JUnitReportReporter -->
<testsuite hostname="DESKTOP-M6P9LA0" failures="0" tests="2" name="MavenProject.AutomationinMaven.DataproviderTest" time="22.296" errors="0" timestamp="2024-06-18T13:13:46 SGT" skipped="0">
  <testcase classname="MavenProject.AutomationinMaven.DataproviderTest" name="test" time="12.973"/>
  <system-out/>
  <testcase classname="MavenProject.AutomationinMaven.DataproviderTest" name="test" time="9.323"/>
  <system-out/>
</testsuite> <!-- MavenProject.AutomationinMaven.DataproviderTest -->
