<?xml version="1.0" encoding="UTF-8"?>
<!-- Generated by org.testng.reporters.JUnitReportReporter -->
<testsuite hostname="DESKTOP-M6P9LA0" failures="0" tests="1" name="MavenProject.AutomationinMaven.Test1" time="6.983" errors="0" timestamp="2024-06-20T16:32:01 SGT" skipped="0">
  <testcase classname="MavenProject.AutomationinMaven.Test1" name="testHeading" time="6.983"/>
  <system-out/>
</testsuite> <!-- MavenProject.AutomationinMaven.Test1 -->
