<?xml version="1.0" encoding="UTF-8"?>
<!-- Generated by org.testng.reporters.JUnitReportReporter -->
<testsuite hostname="DESKTOP-M6P9LA0" failures="0" tests="1" name="MavenProject.AutomationinMaven.expiredlinkHandle" time="6.289" errors="0" timestamp="2024-03-04T22:31:09 SGT" skipped="0">
  <testcase classname="MavenProject.AutomationinMaven.expiredlinkHandle" name="f" time="6.289"/>
  <system-out/>
</testsuite> <!-- MavenProject.AutomationinMaven.expiredlinkHandle -->
